\BOOKMARK [1][-]{section.1}{\376\377\000U\000R\000L\000\040\000d\000e\000\040\000D\000e\000s\000p\000l\000i\000e\000g\000u\000e\000\040\000e\000n\000\040\000l\000a\000\040\000N\000u\000b\000e}{}% 1
\BOOKMARK [2][-]{subsection.1.1}{\376\377\000U\000R\000L\000s\000\040\000d\000e\000\040\000A\000c\000c\000e\000s\000o}{section.1}% 2
\BOOKMARK [2][-]{subsection.1.2}{\376\377\000C\000o\000n\000s\000i\000d\000e\000r\000a\000c\000i\000o\000n\000e\000s\000\040\000s\000o\000b\000r\000e\000\040\000R\000e\000n\000d\000e\000r\000\040\000\050\000P\000l\000a\000n\000\040\000G\000r\000a\000t\000u\000i\000t\000o\000\051}{section.1}% 3
\BOOKMARK [1][-]{section.2}{\376\377\000E\000m\000a\000i\000l\000\040\000d\000e\000\040\000P\000r\000u\000e\000b\000a\000s}{}% 4
\BOOKMARK [1][-]{section.3}{\376\377\000T\000e\000c\000n\000o\000l\000o\000g\000\355\000a\000s\000\040\000U\000t\000i\000l\000i\000z\000a\000d\000a\000s}{}% 5
\BOOKMARK [2][-]{subsection.3.1}{\376\377\000S\000t\000a\000c\000k\000\040\000T\000e\000c\000n\000o\000l\000\363\000g\000i\000c\000o\000\040\000C\000o\000m\000p\000l\000e\000t\000o}{section.3}% 6
\BOOKMARK [3][-]{subsubsection.3.1.1}{\376\377\000F\000r\000o\000n\000t\000e\000n\000d}{subsection.3.1}% 7
\BOOKMARK [3][-]{subsubsection.3.1.2}{\376\377\000B\000a\000c\000k\000e\000n\000d}{subsection.3.1}% 8
\BOOKMARK [3][-]{subsubsection.3.1.3}{\376\377\000B\000a\000s\000e\000\040\000d\000e\000\040\000D\000a\000t\000o\000s}{subsection.3.1}% 9
\BOOKMARK [3][-]{subsubsection.3.1.4}{\376\377\000S\000e\000r\000v\000i\000c\000i\000o\000s\000\040\000E\000x\000t\000e\000r\000n\000o\000s}{subsection.3.1}% 10
\BOOKMARK [3][-]{subsubsection.3.1.5}{\376\377\000D\000e\000s\000p\000l\000i\000e\000g\000u\000e}{subsection.3.1}% 11
\BOOKMARK [2][-]{subsection.3.2}{\376\377\000A\000r\000q\000u\000i\000t\000e\000c\000t\000u\000r\000a\000\040\000d\000e\000l\000\040\000S\000i\000s\000t\000e\000m\000a}{section.3}% 12
\BOOKMARK [3][-]{subsubsection.3.2.1}{\376\377\000F\000r\000o\000n\000t\000e\000n\000d\000\040\000-\000\040\000C\000l\000e\000a\000n\000\040\000A\000r\000c\000h\000i\000t\000e\000c\000t\000u\000r\000e}{subsection.3.2}% 13
\BOOKMARK [3][-]{subsubsection.3.2.2}{\376\377\000B\000a\000c\000k\000e\000n\000d\000\040\000-\000\040\000M\000o\000n\000o\000l\000i\000t\000o\000\040\000M\000o\000d\000u\000l\000a\000r}{subsection.3.2}% 14
\BOOKMARK [1][-]{section.4}{\376\377\000I\000n\000s\000t\000r\000u\000c\000c\000i\000o\000n\000e\000s\000\040\000d\000e\000\040\000I\000n\000s\000t\000a\000l\000a\000c\000i\000\363\000n\000\040\000y\000\040\000D\000e\000s\000p\000l\000i\000e\000g\000u\000e}{}% 15
\BOOKMARK [2][-]{subsection.4.1}{\376\377\000R\000e\000q\000u\000i\000s\000i\000t\000o\000s\000\040\000P\000r\000e\000v\000i\000o\000s}{section.4}% 16
\BOOKMARK [2][-]{subsection.4.2}{\376\377\000O\000b\000t\000e\000n\000c\000i\000\363\000n\000\040\000d\000e\000\040\000C\000r\000e\000d\000e\000n\000c\000i\000a\000l\000e\000s}{section.4}% 17
\BOOKMARK [3][-]{subsubsection.4.2.1}{\376\377\000M\000o\000n\000g\000o\000D\000B\000\040\000A\000t\000l\000a\000s}{subsection.4.2}% 18
\BOOKMARK [3][-]{subsubsection.4.2.2}{\376\377\000C\000l\000o\000u\000d\000i\000n\000a\000r\000y}{subsection.4.2}% 19
\BOOKMARK [3][-]{subsubsection.4.2.3}{\376\377\000G\000o\000o\000g\000l\000e\000\040\000O\000A\000u\000t\000h}{subsection.4.2}% 20
\BOOKMARK [2][-]{subsection.4.3}{\376\377\000C\000o\000n\000f\000i\000g\000u\000r\000a\000c\000i\000\363\000n\000\040\000d\000e\000\040\000V\000a\000r\000i\000a\000b\000l\000e\000s\000\040\000d\000e\000\040\000E\000n\000t\000o\000r\000n\000o}{section.4}% 21
\BOOKMARK [3][-]{subsubsection.4.3.1}{\376\377\000B\000a\000c\000k\000e\000n\000d\000\040\000\050\000a\000p\000p\000/\000b\000a\000c\000k\000e\000n\000d\000/\000.\000e\000n\000v\000\051}{subsection.4.3}% 22
\BOOKMARK [3][-]{subsubsection.4.3.2}{\376\377\000F\000r\000o\000n\000t\000e\000n\000d\000\040\000\050\000a\000p\000p\000/\000f\000r\000o\000n\000t\000e\000n\000d\000/\000.\000e\000n\000v\000\051}{subsection.4.3}% 23
\BOOKMARK [2][-]{subsection.4.4}{\376\377\000E\000j\000e\000c\000u\000c\000i\000\363\000n\000\040\000e\000n\000\040\000L\000o\000c\000a\000l\000\040\000\050\000c\000o\000n\000\040\000D\000o\000c\000k\000e\000r\000\051}{section.4}% 24
\BOOKMARK [3][-]{subsubsection.4.4.1}{\376\377\000A\000c\000c\000e\000s\000o\000\040\000a\000\040\000l\000a\000\040\000A\000p\000l\000i\000c\000a\000c\000i\000\363\000n\000\040\000L\000o\000c\000a\000l}{subsection.4.4}% 25
\BOOKMARK [2][-]{subsection.4.5}{\376\377\000D\000e\000s\000p\000l\000i\000e\000g\000u\000e\000\040\000e\000n\000\040\000l\000a\000\040\000N\000u\000b\000e}{section.4}% 26
\BOOKMARK [3][-]{subsubsection.4.5.1}{\376\377\000B\000a\000c\000k\000e\000n\000d\000\040\000e\000n\000\040\000R\000e\000n\000d\000e\000r}{subsection.4.5}% 27
\BOOKMARK [3][-]{subsubsection.4.5.2}{\376\377\000F\000r\000o\000n\000t\000e\000n\000d\000\040\000e\000n\000\040\000V\000e\000r\000c\000e\000l}{subsection.4.5}% 28
\BOOKMARK [1][-]{section.5}{\376\377\000C\000r\000e\000d\000e\000n\000c\000i\000a\000l\000e\000s\000\040\000d\000e\000\040\000A\000c\000c\000e\000s\000o\000\040\000a\000\040\000l\000a\000\040\000B\000a\000s\000e\000\040\000d\000e\000\040\000D\000a\000t\000o\000s}{}% 29
\BOOKMARK [2][-]{subsection.5.1}{\376\377\000E\000s\000t\000r\000u\000c\000t\000u\000r\000a\000\040\000d\000e\000\040\000D\000o\000c\000u\000m\000e\000n\000t\000o\000s}{section.5}% 30
\BOOKMARK [1][-]{section.6}{\376\377\000F\000u\000n\000c\000i\000o\000n\000a\000l\000i\000d\000a\000d\000\040\000I\000m\000p\000l\000e\000m\000e\000n\000t\000a\000d\000a}{}% 31
\BOOKMARK [2][-]{subsection.6.1}{\376\377\000R\000e\000s\000u\000m\000e\000n\000\040\000d\000e\000\040\000R\000e\000q\000u\000i\000s\000i\000t\000o\000s}{section.6}% 32
\BOOKMARK [2][-]{subsection.6.2}{\376\377\000I\000d\000e\000n\000t\000i\000f\000i\000c\000a\000c\000i\000\363\000n\000\040\000O\000A\000u\000t\000h\000\040\000\050\0002\000\040\000p\000u\000n\000t\000o\000s\000\051}{section.6}% 33
\BOOKMARK [2][-]{subsection.6.3}{\376\377\000M\000a\000p\000a\000s\000\040\000y\000\040\000G\000e\000o\000c\000o\000d\000i\000n\000g\000\040\000\050\0002\000\040\000p\000u\000n\000t\000o\000s\000\051}{section.6}% 34
\BOOKMARK [2][-]{subsection.6.4}{\376\377\000I\000m\000\341\000g\000e\000n\000e\000s\000\040\000\050\0002\000\040\000p\000u\000n\000t\000o\000s\000\051}{section.6}% 35
\BOOKMARK [2][-]{subsection.6.5}{\376\377\000L\000i\000s\000t\000a\000d\000o\000\040\000y\000\040\000D\000e\000t\000a\000l\000l\000e\000\040\000d\000e\000\040\000R\000e\000s\000e\000\361\000a\000s\000\040\000\050\0002\000\040\000p\000u\000n\000t\000o\000s\000\051}{section.6}% 36
\BOOKMARK [2][-]{subsection.6.6}{\376\377\000E\000n\000d\000p\000o\000i\000n\000t\000s\000\040\000d\000e\000\040\000l\000a\000\040\000A\000P\000I}{section.6}% 37
\BOOKMARK [2][-]{subsection.6.7}{\376\377\000C\000a\000r\000a\000c\000t\000e\000r\000\355\000s\000t\000i\000c\000a\000s\000\040\000T\000\351\000c\000n\000i\000c\000a\000s\000\040\000A\000d\000i\000c\000i\000o\000n\000a\000l\000e\000s}{section.6}% 38
\BOOKMARK [1][-]{section.7}{\376\377\000L\000i\000m\000i\000t\000a\000c\000i\000o\000n\000e\000s\000\040\000y\000\040\000P\000r\000o\000b\000l\000e\000m\000a\000s\000\040\000E\000n\000c\000o\000n\000t\000r\000a\000d\000o\000s}{}% 39
\BOOKMARK [2][-]{subsection.7.1}{\376\377\000L\000i\000m\000i\000t\000a\000c\000i\000o\000n\000e\000s\000\040\000C\000o\000n\000o\000c\000i\000d\000a\000s}{section.7}% 40
\BOOKMARK [2][-]{subsection.7.2}{\376\377\000P\000r\000o\000b\000l\000e\000m\000a\000s\000\040\000E\000n\000c\000o\000n\000t\000r\000a\000d\000o\000s\000\040\000y\000\040\000S\000o\000l\000u\000c\000i\000o\000n\000e\000s}{section.7}% 41
\BOOKMARK [1][-]{section.8}{\376\377\000C\000o\000n\000c\000l\000u\000s\000i\000o\000n\000e\000s}{}% 42
